<?xml version="1.0" encoding="UTF-8"?>
<!-- Generated by org.testng.reporters.JUnitReportReporter -->
<testsuite hostname="DESKTOP-F1Q0CSU" failures="0" tests="1" name="chekInVisitorForm.EndToEndTest_checkInVisitors" time="6.224" errors="0" timestamp="2021-07-15T18:56:17 IST" skipped="0">
  <testcase classname="chekInVisitorForm.EndToEndTest_checkInVisitors" name="addcheckInVisitorsDetails" time="6.224"/>
  <system-out/>
</testsuite> <!-- chekInVisitorForm.EndToEndTest_checkInVisitors -->
