<?xml version="1.0" encoding="UTF-8"?>
<!-- Generated by org.testng.reporters.JUnitReportReporter -->
<testsuite hostname="DESKTOP-F1Q0CSU" failures="0" tests="3" name="VisitorManagement.EndToEndTest_visitorManagement" time="26.857" errors="0" timestamp="2021-07-26T14:06:39 IST" skipped="0">
  <testcase classname="VisitorManagement.EndToEndTest_visitorManagement" name="visitorManagemet_Login" time="8.352"/>
  <system-out/>
  <testcase classname="VisitorManagement.EndToEndTest_visitorManagement" name="visitorManagemet_Login" time="10.297"/>
  <system-out/>
  <testcase classname="VisitorManagement.EndToEndTest_visitorManagement" name="visitorManagemet_Login" time="8.208"/>
  <system-out/>
</testsuite> <!-- VisitorManagement.EndToEndTest_visitorManagement -->
