<?xml version="1.0" encoding="UTF-8"?>
<!-- Generated by org.testng.reporters.JUnitReportReporter -->
<testsuite hostname="DESKTOP-F1Q0CSU" failures="0" tests="31" name="VisitorManagement.EndToEndTest_visitorManagement" time="9.604" errors="1" timestamp="2021-07-24T18:07:58 IST" skipped="30">
  <testcase classname="VisitorManagement.EndToEndTest_visitorManagement" name="visitorManagement_CheckedInVisitors" time="0.000">
    <skipped/>
  </testcase> <!-- visitorManagement_CheckedInVisitors -->
  <system-out/>
  <testcase classname="VisitorManagement.EndToEndTest_visitorManagement" name="visitorManagement_AddStaff" time="0.000">
    <skipped/>
  </testcase> <!-- visitorManagement_AddStaff -->
  <system-out/>
  <testcase classname="VisitorManagement.EndToEndTest_visitorManagement" name="visitorManagement_CheckedInVisitors" time="0.000">
    <skipped/>
  </testcase> <!-- visitorManagement_CheckedInVisitors -->
  <system-out/>
  <testcase classname="VisitorManagement.EndToEndTest_visitorManagement" name="visitorManagement_CheckedInVisitors" time="0.000">
    <skipped/>
  </testcase> <!-- visitorManagement_CheckedInVisitors -->
  <system-out/>
  <testcase classname="VisitorManagement.EndToEndTest_visitorManagement" name="VisitorManagement_AddBuilding" time="0.000">
    <skipped/>
  </testcase> <!-- VisitorManagement_AddBuilding -->
  <system-out/>
  <testcase classname="VisitorManagement.EndToEndTest_visitorManagement" name="VisitorManagement_UpdateBuilding" time="0.000">
    <skipped/>
  </testcase> <!-- VisitorManagement_UpdateBuilding -->
  <system-out/>
  <testcase classname="VisitorManagement.EndToEndTest_visitorManagement" name="visitorManagemet_Login" time="0.000">
    <skipped/>
  </testcase> <!-- visitorManagemet_Login -->
  <system-out/>
  <testcase classname="VisitorManagement.EndToEndTest_visitorManagement" name="visitormanagement_EditStaff" time="0.000">
    <skipped/>
  </testcase> <!-- visitormanagement_EditStaff -->
  <system-out/>
  <testcase classname="VisitorManagement.EndToEndTest_visitorManagement" name="VisitorManagement_UpdateBuilding" time="0.000">
    <skipped/>
  </testcase> <!-- VisitorManagement_UpdateBuilding -->
  <system-out/>
  <testcase classname="VisitorManagement.EndToEndTest_visitorManagement" name="VisitorManagement_UpdateFloor" time="0.000">
    <skipped/>
  </testcase> <!-- VisitorManagement_UpdateFloor -->
  <system-out/>
  <testcase classname="VisitorManagement.EndToEndTest_visitorManagement" name="visitorManagement_SearchStaff" time="0.000">
    <skipped/>
  </testcase> <!-- visitorManagement_SearchStaff -->
  <system-out/>
  <testcase classname="VisitorManagement.EndToEndTest_visitorManagement" name="visitorManagement_CheckedOutVisitors" time="0.000">
    <skipped/>
  </testcase> <!-- visitorManagement_CheckedOutVisitors -->
  <system-out/>
  <testcase classname="VisitorManagement.EndToEndTest_visitorManagement" name="visitorManagement_SearchStaff" time="0.000">
    <skipped/>
  </testcase> <!-- visitorManagement_SearchStaff -->
  <system-out/>
  <testcase classname="VisitorManagement.EndToEndTest_visitorManagement" name="VisitorManagement_AddFloor" time="0.000">
    <skipped/>
  </testcase> <!-- VisitorManagement_AddFloor -->
  <system-out/>
  <testcase classname="VisitorManagement.EndToEndTest_visitorManagement" name="visitManagement_OverdueCheckedIn" time="0.000">
    <skipped/>
  </testcase> <!-- visitManagement_OverdueCheckedIn -->
  <system-out/>
  <testcase classname="VisitorManagement.EndToEndTest_visitorManagement" name="VisitorManagement_UpdateFloor" time="0.000">
    <skipped/>
  </testcase> <!-- VisitorManagement_UpdateFloor -->
  <system-out/>
  <testcase classname="VisitorManagement.EndToEndTest_visitorManagement" name="visitManagement_OverdueCheckedIn" time="0.000">
    <skipped/>
  </testcase> <!-- visitManagement_OverdueCheckedIn -->
  <system-out/>
  <testcase classname="VisitorManagement.EndToEndTest_visitorManagement" name="VisitorManagement_AddBuilding" time="0.000">
    <skipped/>
  </testcase> <!-- VisitorManagement_AddBuilding -->
  <system-out/>
  <testcase classname="VisitorManagement.EndToEndTest_visitorManagement" name="visitmanagement_ManageBuildings" time="0.000">
    <skipped/>
  </testcase> <!-- visitmanagement_ManageBuildings -->
  <system-out/>
  <testcase classname="VisitorManagement.EndToEndTest_visitorManagement" name="visitmanagement_ManageBuildings" time="0.000">
    <skipped/>
  </testcase> <!-- visitmanagement_ManageBuildings -->
  <system-out/>
  <testcase classname="VisitorManagement.EndToEndTest_visitorManagement" name="setupMethod" time="9.604">
    <error message="Cannot invoke &quot;org.openqa.selenium.Cookie.validate()&quot; because &quot;cookie&quot; is null" type="java.lang.NullPointerException">
      <![CDATA[java.lang.NullPointerException: Cannot invoke "org.openqa.selenium.Cookie.validate()" because "cookie" is null
at org.openqa.selenium.remote.RemoteWebDriver$RemoteWebDriverOptions.addCookie(RemoteWebDriver.java:732)
at testBase.TestBase.LaunchBrowserAndNAvigation(TestBase.java:46)
at testBase.TestBase.setupMethod(TestBase.java:52)
at java.base/jdk.internal.reflect.NativeMethodAccessorImpl.invoke0(Native Method)
at java.base/jdk.internal.reflect.NativeMethodAccessorImpl.invoke(NativeMethodAccessorImpl.java:64)
at java.base/jdk.internal.reflect.DelegatingMethodAccessorImpl.invoke(DelegatingMethodAccessorImpl.java:43)
at java.base/java.lang.reflect.Method.invoke(Method.java:564)
at org.testng.internal.MethodInvocationHelper.invokeMethod(MethodInvocationHelper.java:134)
at org.testng.internal.MethodInvocationHelper.invokeMethodConsideringTimeout(MethodInvocationHelper.java:63)
at org.testng.internal.ConfigInvoker.invokeConfigurationMethod(ConfigInvoker.java:348)
at org.testng.internal.ConfigInvoker.invokeConfigurations(ConfigInvoker.java:302)
at org.testng.internal.TestInvoker.runConfigMethods(TestInvoker.java:695)
at org.testng.internal.TestInvoker.invokeMethod(TestInvoker.java:523)
at org.testng.internal.TestInvoker.invokeTestMethod(TestInvoker.java:173)
at org.testng.internal.MethodRunner.runInSequence(MethodRunner.java:46)
at org.testng.internal.TestInvoker$MethodInvocationAgent.invoke(TestInvoker.java:816)
at org.testng.internal.TestInvoker.invokeTestMethods(TestInvoker.java:146)
at org.testng.internal.TestMethodWorker.invokeTestMethods(TestMethodWorker.java:146)
at org.testng.internal.TestMethodWorker.run(TestMethodWorker.java:128)
at java.base/java.util.ArrayList.forEach(ArrayList.java:1511)
at org.testng.TestRunner.privateRun(TestRunner.java:766)
at org.testng.TestRunner.run(TestRunner.java:587)
at org.testng.SuiteRunner.runTest(SuiteRunner.java:384)
at org.testng.SuiteRunner.runSequentially(SuiteRunner.java:378)
at org.testng.SuiteRunner.privateRun(SuiteRunner.java:337)
at org.testng.SuiteRunner.run(SuiteRunner.java:286)
at org.testng.SuiteRunnerWorker.runSuite(SuiteRunnerWorker.java:53)
at org.testng.SuiteRunnerWorker.run(SuiteRunnerWorker.java:96)
at org.testng.TestNG.runSuitesSequentially(TestNG.java:1187)
at org.testng.TestNG.runSuitesLocally(TestNG.java:1109)
at org.testng.TestNG.runSuites(TestNG.java:1039)
at org.testng.TestNG.run(TestNG.java:1007)
at org.testng.remote.AbstractRemoteTestNG.run(AbstractRemoteTestNG.java:115)
at org.testng.remote.RemoteTestNG.initAndRun(RemoteTestNG.java:251)
at org.testng.remote.RemoteTestNG.main(RemoteTestNG.java:77)
]]>
    </error>
  </testcase> <!-- setupMethod -->
  <system-out/>
  <testcase classname="VisitorManagement.EndToEndTest_visitorManagement" name="visitorManagemet_Login" time="0.000">
    <skipped/>
  </testcase> <!-- visitorManagemet_Login -->
  <system-out/>
  <testcase classname="VisitorManagement.EndToEndTest_visitorManagement" name="VisitorManagement_DeleteBuilding" time="0.000">
    <skipped/>
  </testcase> <!-- VisitorManagement_DeleteBuilding -->
  <system-out/>
  <testcase classname="VisitorManagement.EndToEndTest_visitorManagement" name="visitorManagement_CheckInVisitors" time="0.000">
    <skipped/>
  </testcase> <!-- visitorManagement_CheckInVisitors -->
  <system-out/>
  <testcase classname="VisitorManagement.EndToEndTest_visitorManagement" name="visitorManagement_AddStaff" time="0.000">
    <skipped/>
  </testcase> <!-- visitorManagement_AddStaff -->
  <system-out/>
  <testcase classname="VisitorManagement.EndToEndTest_visitorManagement" name="VisitorManagement_AddFloor" time="0.000">
    <skipped/>
  </testcase> <!-- VisitorManagement_AddFloor -->
  <system-out/>
  <testcase classname="VisitorManagement.EndToEndTest_visitorManagement" name="visitormanagement_EditStaff" time="0.000">
    <skipped/>
  </testcase> <!-- visitormanagement_EditStaff -->
  <system-out/>
  <testcase classname="VisitorManagement.EndToEndTest_visitorManagement" name="visitorManagement_CheckedOutVisitors" time="0.000">
    <skipped/>
  </testcase> <!-- visitorManagement_CheckedOutVisitors -->
  <system-out/>
  <testcase classname="VisitorManagement.EndToEndTest_visitorManagement" name="VisitorManagement_DeleteFloor" time="0.000">
    <skipped/>
  </testcase> <!-- VisitorManagement_DeleteFloor -->
  <system-out/>
  <testcase classname="VisitorManagement.EndToEndTest_visitorManagement" name="visitorManagement_CheckInVisitors" time="0.000">
    <skipped/>
  </testcase> <!-- visitorManagement_CheckInVisitors -->
  <system-out/>
  <testcase classname="VisitorManagement.EndToEndTest_visitorManagement" name="visitorManagemet_Login" time="0.000">
    <skipped/>
  </testcase> <!-- visitorManagemet_Login -->
  <system-out/>
</testsuite> <!-- VisitorManagement.EndToEndTest_visitorManagement -->
