<?xml version="1.0" encoding="UTF-8"?>
<!-- Generated by org.testng.reporters.JUnitReportReporter -->
<testsuite hostname="DESKTOP-F1Q0CSU" failures="0" tests="2" name="VisitorManagement.EndToEndTest_visitorManagement" time="21.332" errors="0" timestamp="2021-07-23T16:46:18 IST" skipped="0">
  <testcase classname="VisitorManagement.EndToEndTest_visitorManagement" name="VisitorManagement_DeleteBuilding" time="10.810"/>
  <system-out/>
  <testcase classname="VisitorManagement.EndToEndTest_visitorManagement" name="VisitorManagement_DeleteFloor" time="10.522"/>
  <system-out/>
</testsuite> <!-- VisitorManagement.EndToEndTest_visitorManagement -->
